[12-Jan-2026 11:40:15 UTC] PHP Warning:  Undefined variable $argv in C:\Program Files\Ampps\www\GitHub\esercizio2\app.php on line 19
[12-Jan-2026 11:40:15 UTC] PHP Warning:  Undefined variable $text in C:\Program Files\Ampps\www\GitHub\esercizio2\lib.php on line 96
[12-Jan-2026 11:40:15 UTC] PHP Fatal error:  Uncaught Error: Undefined constant "STDERR" in C:\Program Files\Ampps\www\GitHub\esercizio2\app.php:68
Stack trace:
#0 {main}
  thrown in C:\Program Files\Ampps\www\GitHub\esercizio2\app.php on line 68
[12-Jan-2026 11:40:16 UTC] PHP Warning:  Undefined variable $argv in C:\Program Files\Ampps\www\GitHub\esercizio2\app.php on line 19
[12-Jan-2026 11:40:16 UTC] PHP Warning:  Undefined variable $text in C:\Program Files\Ampps\www\GitHub\esercizio2\lib.php on line 96
[12-Jan-2026 11:40:16 UTC] PHP Fatal error:  Uncaught Error: Undefined constant "STDERR" in C:\Program Files\Ampps\www\GitHub\esercizio2\app.php:68
Stack trace:
#0 {main}
  thrown in C:\Program Files\Ampps\www\GitHub\esercizio2\app.php on line 68
[12-Jan-2026 11:40:17 UTC] PHP Warning:  Undefined variable $argv in C:\Program Files\Ampps\www\GitHub\esercizio2\app.php on line 19
[12-Jan-2026 11:40:17 UTC] PHP Warning:  Undefined variable $text in C:\Program Files\Ampps\www\GitHub\esercizio2\lib.php on line 96
[12-Jan-2026 11:40:17 UTC] PHP Fatal error:  Uncaught Error: Undefined constant "STDERR" in C:\Program Files\Ampps\www\GitHub\esercizio2\app.php:68
Stack trace:
#0 {main}
  thrown in C:\Program Files\Ampps\www\GitHub\esercizio2\app.php on line 68
[12-Jan-2026 11:40:29 UTC] PHP Warning:  Undefined variable $argv in C:\Program Files\Ampps\www\GitHub\esercizio2\app.php on line 19
[12-Jan-2026 11:40:29 UTC] PHP Warning:  Undefined variable $text in C:\Program Files\Ampps\www\GitHub\esercizio2\lib.php on line 96
[12-Jan-2026 11:40:29 UTC] PHP Fatal error:  Uncaught Error: Undefined constant "STDERR" in C:\Program Files\Ampps\www\GitHub\esercizio2\app.php:68
Stack trace:
#0 {main}
  thrown in C:\Program Files\Ampps\www\GitHub\esercizio2\app.php on line 68
[12-Jan-2026 11:40:35 UTC] PHP Warning:  Undefined variable $argv in C:\Program Files\Ampps\www\GitHub\esercizio2\app.php on line 19
[12-Jan-2026 11:40:35 UTC] PHP Warning:  Undefined variable $text in C:\Program Files\Ampps\www\GitHub\esercizio2\lib.php on line 96
[12-Jan-2026 11:40:35 UTC] PHP Fatal error:  Uncaught Error: Undefined constant "STDERR" in C:\Program Files\Ampps\www\GitHub\esercizio2\app.php:68
Stack trace:
#0 {main}
  thrown in C:\Program Files\Ampps\www\GitHub\esercizio2\app.php on line 68
[12-Jan-2026 11:57:11 UTC] PHP Warning:  Undefined variable $argv in C:\Program Files\Ampps\www\GitHub\esercizio2\app.php on line 19
[12-Jan-2026 11:57:11 UTC] PHP Warning:  Undefined array key "text" in C:\Program Files\Ampps\www\GitHub\esercizio2\lib.php on line 96
[12-Jan-2026 11:57:11 UTC] PHP Fatal error:  Uncaught Error: Undefined constant "STDERR" in C:\Program Files\Ampps\www\GitHub\esercizio2\app.php:68
Stack trace:
#0 {main}
  thrown in C:\Program Files\Ampps\www\GitHub\esercizio2\app.php on line 68
[12-Jan-2026 11:57:12 UTC] PHP Warning:  Undefined variable $argv in C:\Program Files\Ampps\www\GitHub\esercizio2\app.php on line 19
[12-Jan-2026 11:57:12 UTC] PHP Warning:  Undefined array key "text" in C:\Program Files\Ampps\www\GitHub\esercizio2\lib.php on line 96
[12-Jan-2026 11:57:12 UTC] PHP Fatal error:  Uncaught Error: Undefined constant "STDERR" in C:\Program Files\Ampps\www\GitHub\esercizio2\app.php:68
Stack trace:
#0 {main}
  thrown in C:\Program Files\Ampps\www\GitHub\esercizio2\app.php on line 68
[12-Jan-2026 11:57:12 UTC] PHP Warning:  Undefined variable $argv in C:\Program Files\Ampps\www\GitHub\esercizio2\app.php on line 19
[12-Jan-2026 11:57:12 UTC] PHP Warning:  Undefined array key "text" in C:\Program Files\Ampps\www\GitHub\esercizio2\lib.php on line 96
[12-Jan-2026 11:57:12 UTC] PHP Fatal error:  Uncaught Error: Undefined constant "STDERR" in C:\Program Files\Ampps\www\GitHub\esercizio2\app.php:68
Stack trace:
#0 {main}
  thrown in C:\Program Files\Ampps\www\GitHub\esercizio2\app.php on line 68
[12-Jan-2026 11:57:12 UTC] PHP Warning:  Undefined variable $argv in C:\Program Files\Ampps\www\GitHub\esercizio2\app.php on line 19
[12-Jan-2026 11:57:12 UTC] PHP Warning:  Undefined array key "text" in C:\Program Files\Ampps\www\GitHub\esercizio2\lib.php on line 96
[12-Jan-2026 11:57:12 UTC] PHP Fatal error:  Uncaught Error: Undefined constant "STDERR" in C:\Program Files\Ampps\www\GitHub\esercizio2\app.php:68
Stack trace:
#0 {main}
  thrown in C:\Program Files\Ampps\www\GitHub\esercizio2\app.php on line 68
[12-Jan-2026 11:57:13 UTC] PHP Warning:  Undefined variable $argv in C:\Program Files\Ampps\www\GitHub\esercizio2\app.php on line 19
[12-Jan-2026 11:57:13 UTC] PHP Warning:  Undefined array key "text" in C:\Program Files\Ampps\www\GitHub\esercizio2\lib.php on line 96
[12-Jan-2026 11:57:13 UTC] PHP Fatal error:  Uncaught Error: Undefined constant "STDERR" in C:\Program Files\Ampps\www\GitHub\esercizio2\app.php:68
Stack trace:
#0 {main}
  thrown in C:\Program Files\Ampps\www\GitHub\esercizio2\app.php on line 68
[12-Jan-2026 11:57:19 UTC] PHP Warning:  Undefined variable $argv in C:\Program Files\Ampps\www\GitHub\esercizio2\app.php on line 19
[12-Jan-2026 11:57:19 UTC] PHP Warning:  Undefined array key "text" in C:\Program Files\Ampps\www\GitHub\esercizio2\lib.php on line 96
[12-Jan-2026 11:57:19 UTC] PHP Fatal error:  Uncaught Error: Undefined constant "STDERR" in C:\Program Files\Ampps\www\GitHub\esercizio2\app.php:68
Stack trace:
#0 {main}
  thrown in C:\Program Files\Ampps\www\GitHub\esercizio2\app.php on line 68
[12-Jan-2026 11:57:20 UTC] PHP Warning:  Undefined variable $argv in C:\Program Files\Ampps\www\GitHub\esercizio2\app.php on line 19
[12-Jan-2026 11:57:20 UTC] PHP Warning:  Undefined array key "text" in C:\Program Files\Ampps\www\GitHub\esercizio2\lib.php on line 96
[12-Jan-2026 11:57:20 UTC] PHP Fatal error:  Uncaught Error: Undefined constant "STDERR" in C:\Program Files\Ampps\www\GitHub\esercizio2\app.php:68
Stack trace:
#0 {main}
  thrown in C:\Program Files\Ampps\www\GitHub\esercizio2\app.php on line 68
[12-Jan-2026 11:57:27 UTC] PHP Warning:  Undefined variable $argv in C:\Program Files\Ampps\www\GitHub\esercizio2\app.php on line 19
[12-Jan-2026 11:57:27 UTC] PHP Warning:  Undefined array key "text" in C:\Program Files\Ampps\www\GitHub\esercizio2\lib.php on line 96
[12-Jan-2026 11:57:27 UTC] PHP Fatal error:  Uncaught Error: Undefined constant "STDERR" in C:\Program Files\Ampps\www\GitHub\esercizio2\app.php:68
Stack trace:
#0 {main}
  thrown in C:\Program Files\Ampps\www\GitHub\esercizio2\app.php on line 68
[12-Jan-2026 11:58:26 UTC] PHP Warning:  Undefined variable $argv in C:\Program Files\Ampps\www\GitHub\esercizio2\app.php on line 19
[12-Jan-2026 11:58:26 UTC] PHP Warning:  Undefined array key "log-format" in C:\Program Files\Ampps\www\GitHub\esercizio2\lib.php on line 96
[12-Jan-2026 11:58:26 UTC] PHP Fatal error:  Uncaught Error: Undefined constant "STDERR" in C:\Program Files\Ampps\www\GitHub\esercizio2\app.php:68
Stack trace:
#0 {main}
  thrown in C:\Program Files\Ampps\www\GitHub\esercizio2\app.php on line 68
[12-Jan-2026 11:58:27 UTC] PHP Warning:  Undefined variable $argv in C:\Program Files\Ampps\www\GitHub\esercizio2\app.php on line 19
[12-Jan-2026 11:58:27 UTC] PHP Warning:  Undefined array key "log-format" in C:\Program Files\Ampps\www\GitHub\esercizio2\lib.php on line 96
[12-Jan-2026 11:58:27 UTC] PHP Fatal error:  Uncaught Error: Undefined constant "STDERR" in C:\Program Files\Ampps\www\GitHub\esercizio2\app.php:68
Stack trace:
#0 {main}
  thrown in C:\Program Files\Ampps\www\GitHub\esercizio2\app.php on line 68
[12-Jan-2026 11:58:27 UTC] PHP Warning:  Undefined variable $argv in C:\Program Files\Ampps\www\GitHub\esercizio2\app.php on line 19
[12-Jan-2026 11:58:27 UTC] PHP Warning:  Undefined array key "log-format" in C:\Program Files\Ampps\www\GitHub\esercizio2\lib.php on line 96
[12-Jan-2026 11:58:27 UTC] PHP Fatal error:  Uncaught Error: Undefined constant "STDERR" in C:\Program Files\Ampps\www\GitHub\esercizio2\app.php:68
Stack trace:
#0 {main}
  thrown in C:\Program Files\Ampps\www\GitHub\esercizio2\app.php on line 68
[12-Jan-2026 11:59:09 UTC] PHP Warning:  Undefined variable $argv in C:\Program Files\Ampps\www\GitHub\esercizio2\app.php on line 19
[12-Jan-2026 11:59:09 UTC] PHP Warning:  Undefined array key "log-format" in C:\Program Files\Ampps\www\GitHub\esercizio2\lib.php on line 96
[12-Jan-2026 11:59:09 UTC] PHP Fatal error:  Uncaught Error: Undefined constant "STDERR" in C:\Program Files\Ampps\www\GitHub\esercizio2\app.php:68
Stack trace:
#0 {main}
  thrown in C:\Program Files\Ampps\www\GitHub\esercizio2\app.php on line 68
[12-Jan-2026 11:59:16 UTC] PHP Warning:  Undefined variable $argv in C:\Program Files\Ampps\www\GitHub\esercizio2\app.php on line 19
[12-Jan-2026 11:59:16 UTC] PHP Warning:  Undefined array key "log-format" in C:\Program Files\Ampps\www\GitHub\esercizio2\lib.php on line 96
[12-Jan-2026 11:59:16 UTC] PHP Fatal error:  Uncaught Error: Undefined constant "STDERR" in C:\Program Files\Ampps\www\GitHub\esercizio2\app.php:68
Stack trace:
#0 {main}
  thrown in C:\Program Files\Ampps\www\GitHub\esercizio2\app.php on line 68
[12-Jan-2026 11:59:28 UTC] PHP Warning:  Undefined variable $argv in C:\Program Files\Ampps\www\GitHub\esercizio2\app.php on line 19
[12-Jan-2026 11:59:28 UTC] PHP Warning:  Undefined array key "log-format" in C:\Program Files\Ampps\www\GitHub\esercizio2\lib.php on line 96
[12-Jan-2026 11:59:28 UTC] PHP Fatal error:  Uncaught Error: Undefined constant "STDERR" in C:\Program Files\Ampps\www\GitHub\esercizio2\app.php:68
Stack trace:
#0 {main}
  thrown in C:\Program Files\Ampps\www\GitHub\esercizio2\app.php on line 68
[12-Jan-2026 11:59:36 UTC] PHP Warning:  Undefined variable $argv in C:\Program Files\Ampps\www\GitHub\esercizio2\app.php on line 19
[12-Jan-2026 11:59:36 UTC] PHP Warning:  Undefined array key "log-format" in C:\Program Files\Ampps\www\GitHub\esercizio2\lib.php on line 96
[12-Jan-2026 11:59:36 UTC] PHP Fatal error:  Uncaught Error: Undefined constant "STDERR" in C:\Program Files\Ampps\www\GitHub\esercizio2\app.php:68
Stack trace:
#0 {main}
  thrown in C:\Program Files\Ampps\www\GitHub\esercizio2\app.php on line 68
[14-Jan-2026 08:14:54 UTC] PHP Warning:  Undefined variable $argv in C:\Program Files\Ampps\www\GitHub\esercizio2\app.php on line 19
[14-Jan-2026 08:14:54 UTC] PHP Warning:  Undefined array key "log-format" in C:\Program Files\Ampps\www\GitHub\esercizio2\lib.php on line 96
[14-Jan-2026 08:14:54 UTC] PHP Fatal error:  Uncaught Error: Undefined constant "STDERR" in C:\Program Files\Ampps\www\GitHub\esercizio2\app.php:68
Stack trace:
#0 {main}
  thrown in C:\Program Files\Ampps\www\GitHub\esercizio2\app.php on line 68
[14-Jan-2026 09:33:26 UTC] PHP Warning:  Undefined variable $argv in C:\Program Files\Ampps\www\GitHub\esercizio2\app.php on line 19
[14-Jan-2026 09:33:26 UTC] PHP Fatal error:  Uncaught Error: Undefined constant "STDERR" in C:\Program Files\Ampps\www\GitHub\esercizio2\app.php:68
Stack trace:
#0 {main}
  thrown in C:\Program Files\Ampps\www\GitHub\esercizio2\app.php on line 68
[14-Jan-2026 09:33:27 UTC] PHP Warning:  Undefined variable $argv in C:\Program Files\Ampps\www\GitHub\esercizio2\app.php on line 19
[14-Jan-2026 09:33:27 UTC] PHP Fatal error:  Uncaught Error: Undefined constant "STDERR" in C:\Program Files\Ampps\www\GitHub\esercizio2\app.php:68
Stack trace:
#0 {main}
  thrown in C:\Program Files\Ampps\www\GitHub\esercizio2\app.php on line 68
